[2026-06-23 04:35:12] local.ERROR: Class "Illuminate\Container\ContainerServiceProvider" not found {"exception":"[object] (Error(code: 0): Class \"Illuminate\\Container\\ContainerServiceProvider\" not found at E:/APPS/TestMetrics/project/vendor/laravel/framework/src/Illuminate/Foundation/ProviderRepository.php:205)
[stacktrace]
#0 E:/APPS/TestMetrics/project/vendor/laravel/framework/src/Illuminate/Foundation/ProviderRepository.php(141): Illuminate/Foundation/ProviderRepository->createProvider()
#1 E:/APPS/TestMetrics/project/vendor/laravel/framework/src/Illuminate/Foundation/ProviderRepository.php(60): Illuminate/Foundation/ProviderRepository->compileManifest()
#2 E:/APPS/TestMetrics/project/vendor/laravel/framework/src/Illuminate/Foundation/Application.php(871): Illuminate/Foundation/ProviderRepository->load()
#3 E:/APPS/TestMetrics/project/vendor/laravel/framework/src/Illuminate/Foundation/Bootstrap/RegisterProviders.php(37): Illuminate/Foundation/Application->registerConfiguredProviders()
#4 E:/APPS/TestMetrics/project/vendor/laravel/framework/src/Illuminate/Foundation/Application.php(342): Illuminate/Foundation/Bootstrap/RegisterProviders->bootstrap()
#5 E:/APPS/TestMetrics/project/vendor/laravel/framework/src/Illuminate/Foundation/Console/Kernel.php(494): Illuminate/Foundation/Application->bootstrapWith()
#6 E:/APPS/TestMetrics/project/vendor/laravel/framework/src/Illuminate/Foundation/Console/Kernel.php(196): Illuminate/Foundation/Console/Kernel->bootstrap()
#7 E:/APPS/TestMetrics/project/artisan(16): Illuminate/Foundation/Console/Kernel->handle()
#8 {main}
"} 
[2026-06-23 04:40:21] local.ERROR: Call to undefined function Illuminate\Support\mb_split() {"exception":"[object] (Error(code: 0): Call to undefined function Illuminate\\Support\\mb_split() at E:/APPS/TestMetrics/project/vendor/laravel/framework/src/Illuminate/Support/Str.php:1722)
[stacktrace]
#0 E:/APPS/TestMetrics/project/vendor/laravel/framework/src/Illuminate/Database/Migrations/Migrator.php(569): Illuminate/Support/Str::studly()
#1 E:/APPS/TestMetrics/project/vendor/laravel/framework/src/Illuminate/Database/Migrations/Migrator.php(544): Illuminate/Database/Migrations/Migrator->getMigrationClass()
#2 E:/APPS/TestMetrics/project/vendor/laravel/framework/src/Illuminate/Database/Migrations/Migrator.php(236): Illuminate/Database/Migrations/Migrator->resolvePath()
#3 E:/APPS/TestMetrics/project/vendor/laravel/framework/src/Illuminate/Database/Migrations/Migrator.php(211): Illuminate/Database/Migrations/Migrator->runUp()
#4 E:/APPS/TestMetrics/project/vendor/laravel/framework/src/Illuminate/Database/Migrations/Migrator.php(138): Illuminate/Database/Migrations/Migrator->runPending()
#5 E:/APPS/TestMetrics/project/vendor/laravel/framework/src/Illuminate/Database/Console/Migrations/MigrateCommand.php(116): Illuminate/Database/Migrations/Migrator->run()
#6 E:/APPS/TestMetrics/project/vendor/laravel/framework/src/Illuminate/Database/Migrations/Migrator.php(671): Illuminate/Database/Console/Migrations/MigrateCommand->Illuminate/Database/Console/Migrations/{closure}()
#7 E:/APPS/TestMetrics/project/vendor/laravel/framework/src/Illuminate/Database/Console/Migrations/MigrateCommand.php(109): Illuminate/Database/Migrations/Migrator->usingConnection()
#8 E:/APPS/TestMetrics/project/vendor/laravel/framework/src/Illuminate/Database/Console/Migrations/MigrateCommand.php(88): Illuminate/Database/Console/Migrations/MigrateCommand->runMigrations()
#9 E:/APPS/TestMetrics/project/vendor/laravel/framework/src/Illuminate/Container/BoundMethod.php(36): Illuminate/Database/Console/Migrations/MigrateCommand->handle()
#10 E:/APPS/TestMetrics/project/vendor/laravel/framework/src/Illuminate/Container/Util.php(43): Illuminate/Container/BoundMethod::Illuminate/Container/{closure}()
#11 E:/APPS/TestMetrics/project/vendor/laravel/framework/src/Illuminate/Container/BoundMethod.php(96): Illuminate/Container/Util::unwrapIfClosure()
#12 E:/APPS/TestMetrics/project/vendor/laravel/framework/src/Illuminate/Container/BoundMethod.php(35): Illuminate/Container/BoundMethod::callBoundMethod()
#13 E:/APPS/TestMetrics/project/vendor/laravel/framework/src/Illuminate/Container/Container.php(799): Illuminate/Container/BoundMethod::call()
#14 E:/APPS/TestMetrics/project/vendor/laravel/framework/src/Illuminate/Console/Command.php(211): Illuminate/Container/Container->call()
#15 E:/APPS/TestMetrics/project/vendor/symfony/console/Command/Command.php(341): Illuminate/Console/Command->execute()
#16 E:/APPS/TestMetrics/project/vendor/laravel/framework/src/Illuminate/Console/Command.php(180): Symfony/Component/Console/Command/Command->run()
#17 E:/APPS/TestMetrics/project/vendor/symfony/console/Application.php(1117): Illuminate/Console/Command->run()
#18 E:/APPS/TestMetrics/project/vendor/symfony/console/Application.php(356): Symfony/Component/Console/Application->doRunCommand()
#19 E:/APPS/TestMetrics/project/vendor/symfony/console/Application.php(195): Symfony/Component/Console/Application->doRun()
#20 E:/APPS/TestMetrics/project/vendor/laravel/framework/src/Illuminate/Foundation/Console/Kernel.php(198): Symfony/Component/Console/Application->run()
#21 E:/APPS/TestMetrics/project/artisan(16): Illuminate/Foundation/Console/Kernel->handle()
#22 {main}
"} 
[2026-06-23 04:40:30] local.ERROR: SQLSTATE[HY000]: General error: 1 no such table: users (Connection: sqlite, Database: ./database/database.sqlite, SQL: alter table "users" add column "is_admin" tinyint(1) not null default '0') {"exception":"[object] (Illuminate\\Database\\QueryException(code: HY000): SQLSTATE[HY000]: General error: 1 no such table: users (Connection: sqlite, Database: ./database/database.sqlite, SQL: alter table \"users\" add column \"is_admin\" tinyint(1) not null default '0') at E:/APPS/TestMetrics/project/vendor/laravel/framework/src/Illuminate/Database/Connection.php:838)
[stacktrace]
#0 E:/APPS/TestMetrics/project/vendor/laravel/framework/src/Illuminate/Database/Connection.php(794): Illuminate/Database/Connection->runQueryCallback()
#1 E:/APPS/TestMetrics/project/vendor/laravel/framework/src/Illuminate/Database/Connection.php(573): Illuminate/Database/Connection->run()
#2 E:/APPS/TestMetrics/project/vendor/laravel/framework/src/Illuminate/Database/Schema/Blueprint.php(121): Illuminate/Database/Connection->statement()
#3 E:/APPS/TestMetrics/project/vendor/laravel/framework/src/Illuminate/Database/Schema/Builder.php(686): Illuminate/Database/Schema/Blueprint->build()
#4 E:/APPS/TestMetrics/project/vendor/laravel/framework/src/Illuminate/Database/Schema/Builder.php(494): Illuminate/Database/Schema/Builder->build()
#5 E:/APPS/TestMetrics/project/vendor/laravel/framework/src/Illuminate/Support/Facades/Facade.php(363): Illuminate/Database/Schema/Builder->table()
#6 E:/APPS/TestMetrics/project/database/migrations/2026_06_23_000001_add_is_admin_to_users.php(11): Illuminate/Support/Facades/Facade::__callStatic()
#7 E:/APPS/TestMetrics/project/vendor/laravel/framework/src/Illuminate/Database/Migrations/Migrator.php(517): Illuminate/Database/Migrations/Migration@anonymous->up()
#8 E:/APPS/TestMetrics/project/vendor/laravel/framework/src/Illuminate/Database/Migrations/Migrator.php(442): Illuminate/Database/Migrations/Migrator->runMethod()
#9 E:/APPS/TestMetrics/project/vendor/laravel/framework/src/Illuminate/Database/Migrations/Migrator.php(451): Illuminate/Database/Migrations/Migrator->Illuminate/Database/Migrations/{closure}()
#10 E:/APPS/TestMetrics/project/vendor/laravel/framework/src/Illuminate/Database/Migrations/Migrator.php(253): Illuminate/Database/Migrations/Migrator->runMigration()
#11 E:/APPS/TestMetrics/project/vendor/laravel/framework/src/Illuminate/Console/View/Components/Task.php(41): Illuminate/Database/Migrations/Migrator->Illuminate/Database/Migrations/{closure}()
#12 E:/APPS/TestMetrics/project/vendor/laravel/framework/src/Illuminate/Database/Migrations/Migrator.php(814): Illuminate/Console/View/Components/Task->render()
#13 E:/APPS/TestMetrics/project/vendor/laravel/framework/src/Illuminate/Database/Migrations/Migrator.php(253): Illuminate/Database/Migrations/Migrator->write()
#14 E:/APPS/TestMetrics/project/vendor/laravel/framework/src/Illuminate/Database/Migrations/Migrator.php(211): Illuminate/Database/Migrations/Migrator->runUp()
#15 E:/APPS/TestMetrics/project/vendor/laravel/framework/src/Illuminate/Database/Migrations/Migrator.php(138): Illuminate/Database/Migrations/Migrator->runPending()
#16 E:/APPS/TestMetrics/project/vendor/laravel/framework/src/Illuminate/Database/Console/Migrations/MigrateCommand.php(116): Illuminate/Database/Migrations/Migrator->run()
#17 E:/APPS/TestMetrics/project/vendor/laravel/framework/src/Illuminate/Database/Migrations/Migrator.php(671): Illuminate/Database/Console/Migrations/MigrateCommand->Illuminate/Database/Console/Migrations/{closure}()
#18 E:/APPS/TestMetrics/project/vendor/laravel/framework/src/Illuminate/Database/Console/Migrations/MigrateCommand.php(109): Illuminate/Database/Migrations/Migrator->usingConnection()
#19 E:/APPS/TestMetrics/project/vendor/laravel/framework/src/Illuminate/Database/Console/Migrations/MigrateCommand.php(88): Illuminate/Database/Console/Migrations/MigrateCommand->runMigrations()
#20 E:/APPS/TestMetrics/project/vendor/laravel/framework/src/Illuminate/Container/BoundMethod.php(36): Illuminate/Database/Console/Migrations/MigrateCommand->handle()
#21 E:/APPS/TestMetrics/project/vendor/laravel/framework/src/Illuminate/Container/Util.php(43): Illuminate/Container/BoundMethod::Illuminate/Container/{closure}()
#22 E:/APPS/TestMetrics/project/vendor/laravel/framework/src/Illuminate/Container/BoundMethod.php(96): Illuminate/Container/Util::unwrapIfClosure()
#23 E:/APPS/TestMetrics/project/vendor/laravel/framework/src/Illuminate/Container/BoundMethod.php(35): Illuminate/Container/BoundMethod::callBoundMethod()
#24 E:/APPS/TestMetrics/project/vendor/laravel/framework/src/Illuminate/Container/Container.php(799): Illuminate/Container/BoundMethod::call()
#25 E:/APPS/TestMetrics/project/vendor/laravel/framework/src/Illuminate/Console/Command.php(211): Illuminate/Container/Container->call()
#26 E:/APPS/TestMetrics/project/vendor/symfony/console/Command/Command.php(341): Illuminate/Console/Command->execute()
#27 E:/APPS/TestMetrics/project/vendor/laravel/framework/src/Illuminate/Console/Command.php(180): Symfony/Component/Console/Command/Command->run()
#28 E:/APPS/TestMetrics/project/vendor/symfony/console/Application.php(1117): Illuminate/Console/Command->run()
#29 E:/APPS/TestMetrics/project/vendor/symfony/console/Application.php(356): Symfony/Component/Console/Application->doRunCommand()
#30 E:/APPS/TestMetrics/project/vendor/symfony/console/Application.php(195): Symfony/Component/Console/Application->doRun()
#31 E:/APPS/TestMetrics/project/vendor/laravel/framework/src/Illuminate/Foundation/Console/Kernel.php(198): Symfony/Component/Console/Application->run()
#32 E:/APPS/TestMetrics/project/artisan(16): Illuminate/Foundation/Console/Kernel->handle()
#33 {main}

[previous exception] [object] (PDOException(code: HY000): SQLSTATE[HY000]: General error: 1 no such table: users at E:/APPS/TestMetrics/project/vendor/laravel/framework/src/Illuminate/Database/Connection.php:578)
[stacktrace]
#0 E:/APPS/TestMetrics/project/vendor/laravel/framework/src/Illuminate/Database/Connection.php(578): PDO->prepare()
#1 E:/APPS/TestMetrics/project/vendor/laravel/framework/src/Illuminate/Database/Connection.php(827): Illuminate/Database/Connection->Illuminate/Database/{closure}()
#2 E:/APPS/TestMetrics/project/vendor/laravel/framework/src/Illuminate/Database/Connection.php(794): Illuminate/Database/Connection->runQueryCallback()
#3 E:/APPS/TestMetrics/project/vendor/laravel/framework/src/Illuminate/Database/Connection.php(573): Illuminate/Database/Connection->run()
#4 E:/APPS/TestMetrics/project/vendor/laravel/framework/src/Illuminate/Database/Schema/Blueprint.php(121): Illuminate/Database/Connection->statement()
#5 E:/APPS/TestMetrics/project/vendor/laravel/framework/src/Illuminate/Database/Schema/Builder.php(686): Illuminate/Database/Schema/Blueprint->build()
#6 E:/APPS/TestMetrics/project/vendor/laravel/framework/src/Illuminate/Database/Schema/Builder.php(494): Illuminate/Database/Schema/Builder->build()
#7 E:/APPS/TestMetrics/project/vendor/laravel/framework/src/Illuminate/Support/Facades/Facade.php(363): Illuminate/Database/Schema/Builder->table()
#8 E:/APPS/TestMetrics/project/database/migrations/2026_06_23_000001_add_is_admin_to_users.php(11): Illuminate/Support/Facades/Facade::__callStatic()
#9 E:/APPS/TestMetrics/project/vendor/laravel/framework/src/Illuminate/Database/Migrations/Migrator.php(517): Illuminate/Database/Migrations/Migration@anonymous->up()
#10 E:/APPS/TestMetrics/project/vendor/laravel/framework/src/Illuminate/Database/Migrations/Migrator.php(442): Illuminate/Database/Migrations/Migrator->runMethod()
#11 E:/APPS/TestMetrics/project/vendor/laravel/framework/src/Illuminate/Database/Migrations/Migrator.php(451): Illuminate/Database/Migrations/Migrator->Illuminate/Database/Migrations/{closure}()
#12 E:/APPS/TestMetrics/project/vendor/laravel/framework/src/Illuminate/Database/Migrations/Migrator.php(253): Illuminate/Database/Migrations/Migrator->runMigration()
#13 E:/APPS/TestMetrics/project/vendor/laravel/framework/src/Illuminate/Console/View/Components/Task.php(41): Illuminate/Database/Migrations/Migrator->Illuminate/Database/Migrations/{closure}()
#14 E:/APPS/TestMetrics/project/vendor/laravel/framework/src/Illuminate/Database/Migrations/Migrator.php(814): Illuminate/Console/View/Components/Task->render()
#15 E:/APPS/TestMetrics/project/vendor/laravel/framework/src/Illuminate/Database/Migrations/Migrator.php(253): Illuminate/Database/Migrations/Migrator->write()
#16 E:/APPS/TestMetrics/project/vendor/laravel/framework/src/Illuminate/Database/Migrations/Migrator.php(211): Illuminate/Database/Migrations/Migrator->runUp()
#17 E:/APPS/TestMetrics/project/vendor/laravel/framework/src/Illuminate/Database/Migrations/Migrator.php(138): Illuminate/Database/Migrations/Migrator->runPending()
#18 E:/APPS/TestMetrics/project/vendor/laravel/framework/src/Illuminate/Database/Console/Migrations/MigrateCommand.php(116): Illuminate/Database/Migrations/Migrator->run()
#19 E:/APPS/TestMetrics/project/vendor/laravel/framework/src/Illuminate/Database/Migrations/Migrator.php(671): Illuminate/Database/Console/Migrations/MigrateCommand->Illuminate/Database/Console/Migrations/{closure}()
#20 E:/APPS/TestMetrics/project/vendor/laravel/framework/src/Illuminate/Database/Console/Migrations/MigrateCommand.php(109): Illuminate/Database/Migrations/Migrator->usingConnection()
#21 E:/APPS/TestMetrics/project/vendor/laravel/framework/src/Illuminate/Database/Console/Migrations/MigrateCommand.php(88): Illuminate/Database/Console/Migrations/MigrateCommand->runMigrations()
#22 E:/APPS/TestMetrics/project/vendor/laravel/framework/src/Illuminate/Container/BoundMethod.php(36): Illuminate/Database/Console/Migrations/MigrateCommand->handle()
#23 E:/APPS/TestMetrics/project/vendor/laravel/framework/src/Illuminate/Container/Util.php(43): Illuminate/Container/BoundMethod::Illuminate/Container/{closure}()
#24 E:/APPS/TestMetrics/project/vendor/laravel/framework/src/Illuminate/Container/BoundMethod.php(96): Illuminate/Container/Util::unwrapIfClosure()
#25 E:/APPS/TestMetrics/project/vendor/laravel/framework/src/Illuminate/Container/BoundMethod.php(35): Illuminate/Container/BoundMethod::callBoundMethod()
#26 E:/APPS/TestMetrics/project/vendor/laravel/framework/src/Illuminate/Container/Container.php(799): Illuminate/Container/BoundMethod::call()
#27 E:/APPS/TestMetrics/project/vendor/laravel/framework/src/Illuminate/Console/Command.php(211): Illuminate/Container/Container->call()
#28 E:/APPS/TestMetrics/project/vendor/symfony/console/Command/Command.php(341): Illuminate/Console/Command->execute()
#29 E:/APPS/TestMetrics/project/vendor/laravel/framework/src/Illuminate/Console/Command.php(180): Symfony/Component/Console/Command/Command->run()
#30 E:/APPS/TestMetrics/project/vendor/symfony/console/Application.php(1117): Illuminate/Console/Command->run()
#31 E:/APPS/TestMetrics/project/vendor/symfony/console/Application.php(356): Symfony/Component/Console/Application->doRunCommand()
#32 E:/APPS/TestMetrics/project/vendor/symfony/console/Application.php(195): Symfony/Component/Console/Application->doRun()
#33 E:/APPS/TestMetrics/project/vendor/laravel/framework/src/Illuminate/Foundation/Console/Kernel.php(198): Symfony/Component/Console/Application->run()
#34 E:/APPS/TestMetrics/project/artisan(16): Illuminate/Foundation/Console/Kernel->handle()
#35 {main}
"} 
[2026-06-23 04:40:55] local.ERROR: SQLSTATE[HY000]: General error: 1 duplicate column name: is_admin (Connection: sqlite, Database: ./database/database.sqlite, SQL: alter table "users" add column "is_admin" tinyint(1) not null default '0') {"exception":"[object] (Illuminate\\Database\\QueryException(code: HY000): SQLSTATE[HY000]: General error: 1 duplicate column name: is_admin (Connection: sqlite, Database: ./database/database.sqlite, SQL: alter table \"users\" add column \"is_admin\" tinyint(1) not null default '0') at E:/APPS/TestMetrics/project/vendor/laravel/framework/src/Illuminate/Database/Connection.php:838)
[stacktrace]
#0 E:/APPS/TestMetrics/project/vendor/laravel/framework/src/Illuminate/Database/Connection.php(794): Illuminate/Database/Connection->runQueryCallback()
#1 E:/APPS/TestMetrics/project/vendor/laravel/framework/src/Illuminate/Database/Connection.php(573): Illuminate/Database/Connection->run()
#2 E:/APPS/TestMetrics/project/vendor/laravel/framework/src/Illuminate/Database/Schema/Blueprint.php(121): Illuminate/Database/Connection->statement()
#3 E:/APPS/TestMetrics/project/vendor/laravel/framework/src/Illuminate/Database/Schema/Builder.php(686): Illuminate/Database/Schema/Blueprint->build()
#4 E:/APPS/TestMetrics/project/vendor/laravel/framework/src/Illuminate/Database/Schema/Builder.php(494): Illuminate/Database/Schema/Builder->build()
#5 E:/APPS/TestMetrics/project/vendor/laravel/framework/src/Illuminate/Support/Facades/Facade.php(363): Illuminate/Database/Schema/Builder->table()
#6 E:/APPS/TestMetrics/project/database/migrations/2026_06_23_000001_add_is_admin_to_users.php(11): Illuminate/Support/Facades/Facade::__callStatic()
#7 E:/APPS/TestMetrics/project/vendor/laravel/framework/src/Illuminate/Database/Migrations/Migrator.php(517): Illuminate/Database/Migrations/Migration@anonymous->up()
#8 E:/APPS/TestMetrics/project/vendor/laravel/framework/src/Illuminate/Database/Migrations/Migrator.php(442): Illuminate/Database/Migrations/Migrator->runMethod()
#9 E:/APPS/TestMetrics/project/vendor/laravel/framework/src/Illuminate/Database/Migrations/Migrator.php(451): Illuminate/Database/Migrations/Migrator->Illuminate/Database/Migrations/{closure}()
#10 E:/APPS/TestMetrics/project/vendor/laravel/framework/src/Illuminate/Database/Migrations/Migrator.php(253): Illuminate/Database/Migrations/Migrator->runMigration()
#11 E:/APPS/TestMetrics/project/vendor/laravel/framework/src/Illuminate/Console/View/Components/Task.php(41): Illuminate/Database/Migrations/Migrator->Illuminate/Database/Migrations/{closure}()
#12 E:/APPS/TestMetrics/project/vendor/laravel/framework/src/Illuminate/Database/Migrations/Migrator.php(814): Illuminate/Console/View/Components/Task->render()
#13 E:/APPS/TestMetrics/project/vendor/laravel/framework/src/Illuminate/Database/Migrations/Migrator.php(253): Illuminate/Database/Migrations/Migrator->write()
#14 E:/APPS/TestMetrics/project/vendor/laravel/framework/src/Illuminate/Database/Migrations/Migrator.php(211): Illuminate/Database/Migrations/Migrator->runUp()
#15 E:/APPS/TestMetrics/project/vendor/laravel/framework/src/Illuminate/Database/Migrations/Migrator.php(138): Illuminate/Database/Migrations/Migrator->runPending()
#16 E:/APPS/TestMetrics/project/vendor/laravel/framework/src/Illuminate/Database/Console/Migrations/MigrateCommand.php(116): Illuminate/Database/Migrations/Migrator->run()
#17 E:/APPS/TestMetrics/project/vendor/laravel/framework/src/Illuminate/Database/Migrations/Migrator.php(671): Illuminate/Database/Console/Migrations/MigrateCommand->Illuminate/Database/Console/Migrations/{closure}()
#18 E:/APPS/TestMetrics/project/vendor/laravel/framework/src/Illuminate/Database/Console/Migrations/MigrateCommand.php(109): Illuminate/Database/Migrations/Migrator->usingConnection()
#19 E:/APPS/TestMetrics/project/vendor/laravel/framework/src/Illuminate/Database/Console/Migrations/MigrateCommand.php(88): Illuminate/Database/Console/Migrations/MigrateCommand->runMigrations()
#20 E:/APPS/TestMetrics/project/vendor/laravel/framework/src/Illuminate/Container/BoundMethod.php(36): Illuminate/Database/Console/Migrations/MigrateCommand->handle()
#21 E:/APPS/TestMetrics/project/vendor/laravel/framework/src/Illuminate/Container/Util.php(43): Illuminate/Container/BoundMethod::Illuminate/Container/{closure}()
#22 E:/APPS/TestMetrics/project/vendor/laravel/framework/src/Illuminate/Container/BoundMethod.php(96): Illuminate/Container/Util::unwrapIfClosure()
#23 E:/APPS/TestMetrics/project/vendor/laravel/framework/src/Illuminate/Container/BoundMethod.php(35): Illuminate/Container/BoundMethod::callBoundMethod()
#24 E:/APPS/TestMetrics/project/vendor/laravel/framework/src/Illuminate/Container/Container.php(799): Illuminate/Container/BoundMethod::call()
#25 E:/APPS/TestMetrics/project/vendor/laravel/framework/src/Illuminate/Console/Command.php(211): Illuminate/Container/Container->call()
#26 E:/APPS/TestMetrics/project/vendor/symfony/console/Command/Command.php(341): Illuminate/Console/Command->execute()
#27 E:/APPS/TestMetrics/project/vendor/laravel/framework/src/Illuminate/Console/Command.php(180): Symfony/Component/Console/Command/Command->run()
#28 E:/APPS/TestMetrics/project/vendor/symfony/console/Application.php(1117): Illuminate/Console/Command->run()
#29 E:/APPS/TestMetrics/project/vendor/symfony/console/Application.php(356): Symfony/Component/Console/Application->doRunCommand()
#30 E:/APPS/TestMetrics/project/vendor/symfony/console/Application.php(195): Symfony/Component/Console/Application->doRun()
#31 E:/APPS/TestMetrics/project/vendor/laravel/framework/src/Illuminate/Foundation/Console/Kernel.php(198): Symfony/Component/Console/Application->run()
#32 E:/APPS/TestMetrics/project/artisan(16): Illuminate/Foundation/Console/Kernel->handle()
#33 {main}

[previous exception] [object] (PDOException(code: HY000): SQLSTATE[HY000]: General error: 1 duplicate column name: is_admin at E:/APPS/TestMetrics/project/vendor/laravel/framework/src/Illuminate/Database/Connection.php:578)
[stacktrace]
#0 E:/APPS/TestMetrics/project/vendor/laravel/framework/src/Illuminate/Database/Connection.php(578): PDO->prepare()
#1 E:/APPS/TestMetrics/project/vendor/laravel/framework/src/Illuminate/Database/Connection.php(827): Illuminate/Database/Connection->Illuminate/Database/{closure}()
#2 E:/APPS/TestMetrics/project/vendor/laravel/framework/src/Illuminate/Database/Connection.php(794): Illuminate/Database/Connection->runQueryCallback()
#3 E:/APPS/TestMetrics/project/vendor/laravel/framework/src/Illuminate/Database/Connection.php(573): Illuminate/Database/Connection->run()
#4 E:/APPS/TestMetrics/project/vendor/laravel/framework/src/Illuminate/Database/Schema/Blueprint.php(121): Illuminate/Database/Connection->statement()
#5 E:/APPS/TestMetrics/project/vendor/laravel/framework/src/Illuminate/Database/Schema/Builder.php(686): Illuminate/Database/Schema/Blueprint->build()
#6 E:/APPS/TestMetrics/project/vendor/laravel/framework/src/Illuminate/Database/Schema/Builder.php(494): Illuminate/Database/Schema/Builder->build()
#7 E:/APPS/TestMetrics/project/vendor/laravel/framework/src/Illuminate/Support/Facades/Facade.php(363): Illuminate/Database/Schema/Builder->table()
#8 E:/APPS/TestMetrics/project/database/migrations/2026_06_23_000001_add_is_admin_to_users.php(11): Illuminate/Support/Facades/Facade::__callStatic()
#9 E:/APPS/TestMetrics/project/vendor/laravel/framework/src/Illuminate/Database/Migrations/Migrator.php(517): Illuminate/Database/Migrations/Migration@anonymous->up()
#10 E:/APPS/TestMetrics/project/vendor/laravel/framework/src/Illuminate/Database/Migrations/Migrator.php(442): Illuminate/Database/Migrations/Migrator->runMethod()
#11 E:/APPS/TestMetrics/project/vendor/laravel/framework/src/Illuminate/Database/Migrations/Migrator.php(451): Illuminate/Database/Migrations/Migrator->Illuminate/Database/Migrations/{closure}()
#12 E:/APPS/TestMetrics/project/vendor/laravel/framework/src/Illuminate/Database/Migrations/Migrator.php(253): Illuminate/Database/Migrations/Migrator->runMigration()
#13 E:/APPS/TestMetrics/project/vendor/laravel/framework/src/Illuminate/Console/View/Components/Task.php(41): Illuminate/Database/Migrations/Migrator->Illuminate/Database/Migrations/{closure}()
#14 E:/APPS/TestMetrics/project/vendor/laravel/framework/src/Illuminate/Database/Migrations/Migrator.php(814): Illuminate/Console/View/Components/Task->render()
#15 E:/APPS/TestMetrics/project/vendor/laravel/framework/src/Illuminate/Database/Migrations/Migrator.php(253): Illuminate/Database/Migrations/Migrator->write()
#16 E:/APPS/TestMetrics/project/vendor/laravel/framework/src/Illuminate/Database/Migrations/Migrator.php(211): Illuminate/Database/Migrations/Migrator->runUp()
#17 E:/APPS/TestMetrics/project/vendor/laravel/framework/src/Illuminate/Database/Migrations/Migrator.php(138): Illuminate/Database/Migrations/Migrator->runPending()
#18 E:/APPS/TestMetrics/project/vendor/laravel/framework/src/Illuminate/Database/Console/Migrations/MigrateCommand.php(116): Illuminate/Database/Migrations/Migrator->run()
#19 E:/APPS/TestMetrics/project/vendor/laravel/framework/src/Illuminate/Database/Migrations/Migrator.php(671): Illuminate/Database/Console/Migrations/MigrateCommand->Illuminate/Database/Console/Migrations/{closure}()
#20 E:/APPS/TestMetrics/project/vendor/laravel/framework/src/Illuminate/Database/Console/Migrations/MigrateCommand.php(109): Illuminate/Database/Migrations/Migrator->usingConnection()
#21 E:/APPS/TestMetrics/project/vendor/laravel/framework/src/Illuminate/Database/Console/Migrations/MigrateCommand.php(88): Illuminate/Database/Console/Migrations/MigrateCommand->runMigrations()
#22 E:/APPS/TestMetrics/project/vendor/laravel/framework/src/Illuminate/Container/BoundMethod.php(36): Illuminate/Database/Console/Migrations/MigrateCommand->handle()
#23 E:/APPS/TestMetrics/project/vendor/laravel/framework/src/Illuminate/Container/Util.php(43): Illuminate/Container/BoundMethod::Illuminate/Container/{closure}()
#24 E:/APPS/TestMetrics/project/vendor/laravel/framework/src/Illuminate/Container/BoundMethod.php(96): Illuminate/Container/Util::unwrapIfClosure()
#25 E:/APPS/TestMetrics/project/vendor/laravel/framework/src/Illuminate/Container/BoundMethod.php(35): Illuminate/Container/BoundMethod::callBoundMethod()
#26 E:/APPS/TestMetrics/project/vendor/laravel/framework/src/Illuminate/Container/Container.php(799): Illuminate/Container/BoundMethod::call()
#27 E:/APPS/TestMetrics/project/vendor/laravel/framework/src/Illuminate/Console/Command.php(211): Illuminate/Container/Container->call()
#28 E:/APPS/TestMetrics/project/vendor/symfony/console/Command/Command.php(341): Illuminate/Console/Command->execute()
#29 E:/APPS/TestMetrics/project/vendor/laravel/framework/src/Illuminate/Console/Command.php(180): Symfony/Component/Console/Command/Command->run()
#30 E:/APPS/TestMetrics/project/vendor/symfony/console/Application.php(1117): Illuminate/Console/Command->run()
#31 E:/APPS/TestMetrics/project/vendor/symfony/console/Application.php(356): Symfony/Component/Console/Application->doRunCommand()
#32 E:/APPS/TestMetrics/project/vendor/symfony/console/Application.php(195): Symfony/Component/Console/Application->doRun()
#33 E:/APPS/TestMetrics/project/vendor/laravel/framework/src/Illuminate/Foundation/Console/Kernel.php(198): Symfony/Component/Console/Application->run()
#34 E:/APPS/TestMetrics/project/artisan(16): Illuminate/Foundation/Console/Kernel->handle()
#35 {main}
"} 
